<?xml version="1.0" encoding="UTF-8"?>
<testsuite xmlns:xsi="http://www.w3.org/2001/XMLSchema-instance" xsi:noNamespaceSchemaLocation="https://maven.apache.org/surefire/maven-surefire-plugin/xsd/surefire-test-report.xsd" version="3.0.2" name="com.vendafacil.dominio.VendaTest" time="0.016" tests="3" errors="0" skipped="0" failures="0">
  <properties>
[...]
</properties>
  <testcase name="aceitaVendaOrfa" classname="com.vendafacil.dominio.VendaTest" time="0.004"/>
  <testcase name="recusaDadosInvalidos" classname="com.vendafacil.dominio.VendaTest" time="0.005"/>
  <testcase name="congelaDadosDoProduto" classname="com.vendafacil.dominio.VendaTest" time="0.001"/>
</testsuite>